\BOOKMARK [0][-]{chapter.1}{\376\377\000I\000n\000t\000r\000o\000d\000u\000c\000t\000i\000o\000n}{}% 1
\BOOKMARK [0][-]{chapter.2}{\376\377\000C\000o\000n\000t\000e\000x\000t\000e\000\040\000e\000t\000\040\000O\000b\000j\000e\000c\000t\000i\000f\000s}{}% 2
\BOOKMARK [1][-]{section.2.1}{\376\377\000S\000y\000s\000t\000\350\000m\000e\000s\000\040\000C\000o\000m\000p\000a\000r\000\351\000s}{chapter.2}% 3
\BOOKMARK [2][-]{subsection.2.1.1}{\376\377\000M\000o\000n\000g\000o\000D\000B}{section.2.1}% 4
\BOOKMARK [1][-]{section.2.2}{\376\377\000\311\000t\000u\000d\000e\000\040\000d\000e\000s\000\040\000a\000s\000p\000e\000c\000t\000s\000\040\000d\000e\000\040\000M\000o\000n\000g\000o\000D\000B}{chapter.2}% 5
\BOOKMARK [2][-]{subsection.2.2.1}{\376\377\000C\000o\000m\000p\000a\000r\000a\000i\000s\000o\000n\000\040\000d\000e\000s\000\040\000P\000e\000r\000f\000o\000r\000m\000a\000n\000c\000e\000s\000\040\000d\000e\000s\000\040\000R\000e\000q\000u\000\352\000t\000e\000s}{section.2.2}% 6
\BOOKMARK [2][-]{subsection.2.2.2}{\376\377\000P\000e\000r\000f\000o\000r\000m\000a\000n\000c\000e\000s\000\040\000a\000v\000e\000c\000\040\000e\000t\000\040\000s\000a\000n\000s\000\040\000I\000n\000d\000e\000x\000a\000t\000i\000o\000n}{section.2.2}% 7
\BOOKMARK [2][-]{subsection.2.2.3}{\376\377\000I\000m\000p\000a\000c\000t\000\040\000d\000e\000\040\000l\000a\000\040\000R\000\351\000p\000l\000i\000c\000a\000t\000i\000o\000n\000\040\000e\000t\000\040\000d\000e\000\040\000l\000a\000\040\000F\000r\000a\000g\000m\000e\000n\000t\000a\000t\000i\000o\000n}{section.2.2}% 8
\BOOKMARK [0][-]{chapter.3}{\376\377\000C\000o\000n\000f\000i\000g\000u\000r\000a\000t\000i\000o\000n\000s\000\040\000d\000e\000s\000\040\000T\000e\000s\000t\000s}{}% 9
\BOOKMARK [1][-]{section.3.1}{\376\377\000A\000r\000c\000h\000i\000t\000e\000c\000t\000u\000r\000e\000\040\000M\000o\000n\000g\000o\000D\000B}{chapter.3}% 10
\BOOKMARK [2][-]{subsection.3.1.1}{\376\377\000S\000t\000a\000n\000d\000a\000l\000o\000n\000e}{section.3.1}% 11
\BOOKMARK [2][-]{subsection.3.1.2}{\376\377\000R\000e\000p\000l\000i\000c\000a\000\040\000S\000e\000t}{section.3.1}% 12
\BOOKMARK [2][-]{subsection.3.1.3}{\376\377\000S\000h\000a\000r\000d\000e\000d\000\040\000C\000l\000u\000s\000t\000e\000r}{section.3.1}% 13
\BOOKMARK [1][-]{section.3.2}{\376\377\000A\000r\000c\000h\000i\000t\000e\000c\000t\000u\000r\000e\000\040\000M\000y\000S\000Q\000L}{chapter.3}% 14
\BOOKMARK [2][-]{subsection.3.2.1}{\376\377\000S\000t\000a\000n\000d\000a\000l\000o\000n\000e}{section.3.2}% 15
\BOOKMARK [2][-]{subsection.3.2.2}{\376\377\000S\000h\000a\000r\000d\000e\000d\000\040\000A\000r\000c\000h\000i\000t\000e\000c\000t\000u\000r\000e}{section.3.2}% 16
\BOOKMARK [0][-]{chapter.4}{\376\377\000S\000t\000r\000u\000c\000t\000u\000r\000e\000\040\000d\000e\000s\000\040\000D\000o\000n\000n\000\351\000e\000s}{}% 17
\BOOKMARK [0][-]{chapter.5}{\376\377\000B\000a\000t\000t\000e\000r\000i\000e\000\040\000d\000e\000\040\000T\000e\000s\000t\000s}{}% 18
\BOOKMARK [1][-]{section.5.1}{\376\377\000T\000y\000p\000e\000s\000\040\000d\000e\000\040\000T\000e\000s\000t\000s}{chapter.5}% 19
\BOOKMARK [1][-]{section.5.2}{\376\377\000S\000c\000\351\000n\000a\000r\000i\000o\000s}{chapter.5}% 20
\BOOKMARK [0][-]{chapter.6}{\376\377\000R\000\351\000s\000u\000l\000t\000a\000t\000s\000\040\000e\000t\000\040\000A\000n\000a\000l\000y\000s\000e\000s}{}% 21
\BOOKMARK [1][-]{section.6.1}{\376\377\000G\000r\000a\000p\000h\000i\000q\000u\000e\000s\000\040\000d\000e\000s\000\040\000P\000e\000r\000f\000o\000r\000m\000a\000n\000c\000e\000s}{chapter.6}% 22
